# --------------------------------------------------------------------------------
# LOG FORMAT REFERENCE: Apache Kafka Client Consumer Lag & Rebalance Exceptions
# --------------------------------------------------------------------------------

# CASE 1: Processing Batch Exceeds Timeout Budget (Triggers Forced Group Eviction)
2026-05-14 00:08:12.441 WARN 48210 --- [container-0-C-1] o.a.k.c.c.i.ConsumerCoordinator          : [Consumer clientId=consumer-order-group-1, groupId=order-group] Synchronous auto-commit of offsets {order-topic-2=OffsetAndMetadata{offset=152431, leaderEpoch=Optional[2], metadata=''}} failed: Commit cannot be completed since the group has already rebalanced and assigned the partitions to another member. This means that the time between subsequent calls to poll() was longer than the configured max.poll.interval.ms, which typically implies that the poll loop is spending too much time processing messages. You can address this either by increasing max.poll.interval.ms or by reducing the maximum size of a batch with max.poll.records.
org.apache.kafka.clients.consumer.CommitFailedException: Commit cannot be completed since the group has already rebalanced and assigned the partitions to another member.
	at org.apache.kafka.clients.consumer.internals.ConsumerCoordinator$OffsetCommitResponseHandler.handle(ConsumerCoordinator.java:1248) ~[kafka-clients-3.x.jar:na]
	at org.apache.kafka.clients.consumer.internals.ConsumerCoordinator$OffsetCommitResponseHandler.handle(ConsumerCoordinator.java:1225) ~[kafka-clients-3.x.jar:na]


# CASE 2: High Fetch Request Latency / Network Delay Dropping Brokers
2026-05-14 00:09:33.102 WARN 48210 --- [container-0-C-1] o.a.k.clients.NetworkClient              : [Consumer clientId=consumer-order-group-1, groupId=order-group] Connection to node 2 (broker-2.production.local:9092) could not be established. Broker may not be available.
2026-05-14 00:09:48.115 INFO 48210 --- [container-0-C-1] o.a.k.c.c.i.AbstractCoordinator          : [Consumer clientId=consumer-order-group-1, groupId=order-group] Group coordinator broker-2.production.local:9092 (id: 2147483645 rack: null) is unavailable or dead, marking it dead and initiating a fallback coordinator lookup.


# CASE 3: Constant Partition Rebalance Loop (Processing Freezes Entirely)
2026-05-14 00:11:05.189 INFO 48210 --- [container-0-C-1] o.a.k.c.c.i.ConsumerCoordinator          : [Consumer clientId=consumer-order-group-1, groupId=order-group] Revoking previously assigned partitions [order-topic-0, order-topic-1, order-topic-2]
2026-05-14 00:11:05.195 INFO 48210 --- [container-0-C-1] o.a.k.c.c.i.AbstractCoordinator          : [Consumer clientId=consumer-order-group-1, groupId=order-group] Preparing to rebalance group
2026-05-14 00:11:08.622 INFO 48210 --- [container-0-C-1] o.a.k.c.c.i.AbstractCoordinator          : [Consumer clientId=consumer-order-group-1, groupId=order-group] Successfully joined group with generation Generation{generationId=42, memberId='consumer-order-group-1-a4b3c2', protocol='range'}
2026-05-14 00:11:08.640 INFO 48210 --- [container-0-C-1] o.a.k.c.c.i.ConsumerCoordinator          : [Consumer clientId=consumer-order-group-1, groupId=order-group] Successfully assigned partitions: [order-topic-1]


# CASE 4: Toxic Payload / Uncaught Poison Pill Serialization Error
2026-05-14 00:13:22.001 ERROR 48210 --- [container-0-C-1] o.s.k.l.KafkaMessageListenerContainer    : Consumer exception
org.apache.kafka.common.errors.RecordDeserializationException: Error deserializing key/value for partition order-topic-1 at offset 889124. If needed, please seek past the record to continue consumption.
Caused by: com.fasterxml.jackson.core.JsonParseException: Unexpected character ('<' (code 60)): expected a valid value (JSON String, Number, Array, Object or token 'null', 'true' or 'false')
	at com.fasterxml.jackson.core.JsonParser._constructError(JsonParser.java:2481) ~[jackson-core-2.x.jar:2.x]
	at com.fasterxml.jackson.core.base.ParserMinimalBase._reportError(ParserMinimalBase.java:761) ~[jackson-core-2.x.jar:2.x]
